2023-08-16 21:40:25,738:INFO:PyCaret Supervised Module
2023-08-16 21:40:25,743:INFO:ML Usecase: clustering
2023-08-16 21:40:25,743:INFO:version 2.2.2
2023-08-16 21:40:25,743:INFO:Initializing setup()
2023-08-16 21:40:25,743:INFO:setup(target=None, ml_usecase=clustering, available_plots={'cluster': 'Cluster PCA Plot (2d)', 'tsne': 'Cluster TSnE (3d)', 'elbow': 'Elbow', 'silhouette': 'Silhouette', 'distance': 'Distance', 'distribution': 'Distribution'}, train_size=0.7, test_data=None, preprocess=True, imputation_type=simple, iterative_imputation_iters=5, categorical_features=None, categorical_imputation=mode, categorical_iterative_imputer=lightgbm, ordinal_features=None, high_cardinality_features=None, high_cardinality_method=frequency, numeric_features=None, numeric_imputation=mean, numeric_iterative_imputer=lightgbm, date_features=None, ignore_features=None, normalize=False, normalize_method=zscore, transformation=False, transformation_method=yeo-johnson, handle_unknown_categorical=True, unknown_categorical_method=least_frequent, pca=False, pca_method=linear, pca_components=None, ignore_low_variance=False, combine_rare_levels=False, rare_level_threshold=0.1, bin_numeric_features=None, remove_outliers=False, outliers_threshold=0.05, remove_multicollinearity=False, multicollinearity_threshold=0.9, remove_perfect_collinearity=False, create_clusters=False, cluster_iter=20, polynomial_features=False, polynomial_degree=2, trigonometry_features=False, polynomial_threshold=0.1, group_features=None, group_names=None, feature_selection=False, feature_selection_threshold=0.8, feature_selection_method=classic, feature_interaction=False, feature_ratio=False, interaction_threshold=0.01, fix_imbalance=False, fix_imbalance_method=None, transform_target=False, transform_target_method=box-cox, data_split_shuffle=False, data_split_stratify=False, fold_strategy=kfold, fold=10, fold_shuffle=False, fold_groups=None, n_jobs=-1, use_gpu=False, custom_pipeline=None, html=True, session_id=2013, log_experiment=False, experiment_name=None, log_plots=False, log_profile=False, log_data=False, silent=False, verbose=True, profile=False, profile_kwargs=None, display=None)
2023-08-16 21:40:25,743:INFO:Checking environment
2023-08-16 21:40:25,744:INFO:python_version: 3.9.12
2023-08-16 21:40:25,744:INFO:python_build: ('main', 'Apr  5 2022 01:53:17')
2023-08-16 21:40:25,746:INFO:machine: x86_64
2023-08-16 21:40:25,746:INFO:platform: macOS-10.16-x86_64-i386-64bit
2023-08-16 21:40:25,749:INFO:Memory: svmem(total=8589934592, available=2390884352, percent=72.2, used=4854013952, free=243597312, active=2138767360, inactive=2141782016, wired=2715246592)
2023-08-16 21:40:25,750:INFO:Physical Core: 4
2023-08-16 21:40:25,750:INFO:Logical Core: 8
2023-08-16 21:40:25,753:INFO:Checking libraries
2023-08-16 21:40:25,754:INFO:pd==1.4.2
2023-08-16 21:40:25,754:INFO:numpy==1.21.6
2023-08-16 21:40:25,754:INFO:sklearn==1.0.2
2023-08-16 21:40:26,095:INFO:xgboost==1.6.0
2023-08-16 21:40:26,095:INFO:lightgbm==3.3.2
2023-08-16 21:40:26,919:INFO:catboost==1.0.5
2023-08-16 21:40:27,486:INFO:mlflow==1.25.1
2023-08-16 21:40:27,486:INFO:Checking Exceptions
2023-08-16 21:40:27,486:INFO:Declaring global variables
2023-08-16 21:40:27,487:INFO:USI: e5bb
2023-08-16 21:40:27,487:INFO:pycaret_globals: {'fold_param', '_available_plots', 'target_param', '_all_metrics', 'fix_imbalance_param', 'exp_name_log', 'log_plots_param', 'X', '_all_models_internal', 'prep_pipe', 'display_container', 'fix_imbalance_method_param', '_internal_pipeline', 'create_model_container', '_all_models', 'imputation_classifier', 'fold_shuffle_param', '_ml_usecase', 'transform_target_method_param', 'imputation_regressor', 'seed', 'logging_param', 'stratify_param', 'fold_generator', 'fold_groups_param', 'transform_target_param', 'n_jobs_param', 'USI', 'master_model_container', 'gpu_param', '_gpu_n_jobs_param', 'pycaret_globals', 'html_param', 'iterative_imputation_iters_param', 'data_before_preprocess', 'experiment__'}
2023-08-16 21:40:27,487:INFO:Preparing display monitor
2023-08-16 21:40:27,488:INFO:Preparing display monitor
2023-08-16 21:40:27,515:INFO:Importing libraries
2023-08-16 21:40:27,515:INFO:Copying data for preprocessing
2023-08-16 21:40:27,608:INFO:Declaring preprocessing parameters
2023-08-16 21:40:27,713:INFO:Creating preprocessing pipeline
2023-08-16 21:40:28,197:INFO:Preprocessing pipeline created successfully
2023-08-16 21:40:28,199:ERROR:(Process Exit): setup has been interupted with user command 'quit'. setup must rerun.
2023-08-16 21:40:28,199:INFO:Creating global containers
2023-08-16 21:48:55,030:INFO:PyCaret Supervised Module
2023-08-16 21:48:55,034:INFO:ML Usecase: clustering
2023-08-16 21:48:55,035:INFO:version 2.2.2
2023-08-16 21:48:55,035:INFO:Initializing setup()
2023-08-16 21:48:55,035:INFO:setup(target=None, ml_usecase=clustering, available_plots={'cluster': 'Cluster PCA Plot (2d)', 'tsne': 'Cluster TSnE (3d)', 'elbow': 'Elbow', 'silhouette': 'Silhouette', 'distance': 'Distance', 'distribution': 'Distribution'}, train_size=0.7, test_data=None, preprocess=True, imputation_type=simple, iterative_imputation_iters=5, categorical_features=None, categorical_imputation=mode, categorical_iterative_imputer=lightgbm, ordinal_features=None, high_cardinality_features=None, high_cardinality_method=frequency, numeric_features=None, numeric_imputation=mean, numeric_iterative_imputer=lightgbm, date_features=None, ignore_features=['batch_transaction_id'], normalize=True, normalize_method=zscore, transformation=False, transformation_method=yeo-johnson, handle_unknown_categorical=True, unknown_categorical_method=least_frequent, pca=False, pca_method=linear, pca_components=None, ignore_low_variance=False, combine_rare_levels=False, rare_level_threshold=0.1, bin_numeric_features=None, remove_outliers=False, outliers_threshold=0.05, remove_multicollinearity=False, multicollinearity_threshold=0.9, remove_perfect_collinearity=False, create_clusters=False, cluster_iter=20, polynomial_features=False, polynomial_degree=2, trigonometry_features=False, polynomial_threshold=0.1, group_features=None, group_names=None, feature_selection=False, feature_selection_threshold=0.8, feature_selection_method=classic, feature_interaction=False, feature_ratio=False, interaction_threshold=0.01, fix_imbalance=False, fix_imbalance_method=None, transform_target=False, transform_target_method=box-cox, data_split_shuffle=False, data_split_stratify=False, fold_strategy=kfold, fold=10, fold_shuffle=False, fold_groups=None, n_jobs=-1, use_gpu=False, custom_pipeline=None, html=True, session_id=123, log_experiment=False, experiment_name=None, log_plots=False, log_profile=False, log_data=False, silent=False, verbose=True, profile=False, profile_kwargs=None, display=None)
2023-08-16 21:48:55,035:INFO:Checking environment
2023-08-16 21:48:55,036:INFO:python_version: 3.9.12
2023-08-16 21:48:55,036:INFO:python_build: ('main', 'Apr  5 2022 01:53:17')
2023-08-16 21:48:55,036:INFO:machine: x86_64
2023-08-16 21:48:55,036:INFO:platform: macOS-10.16-x86_64-i386-64bit
2023-08-16 21:48:55,037:INFO:Memory: svmem(total=8589934592, available=2241146880, percent=73.9, used=5166153728, free=106496000, active=2188472320, inactive=2130759680, wired=2977681408)
2023-08-16 21:48:55,037:INFO:Physical Core: 4
2023-08-16 21:48:55,037:INFO:Logical Core: 8
2023-08-16 21:48:55,037:INFO:Checking libraries
2023-08-16 21:48:55,038:INFO:pd==1.4.2
2023-08-16 21:48:55,039:INFO:numpy==1.21.6
2023-08-16 21:48:55,039:INFO:sklearn==1.0.2
2023-08-16 21:48:55,039:INFO:xgboost==1.6.0
2023-08-16 21:48:55,039:INFO:lightgbm==3.3.2
2023-08-16 21:48:55,040:INFO:catboost==1.0.5
2023-08-16 21:48:55,040:INFO:mlflow==1.25.1
2023-08-16 21:48:55,040:INFO:Checking Exceptions
2023-08-16 21:48:55,042:INFO:Declaring global variables
2023-08-16 21:48:55,042:INFO:USI: 272e
2023-08-16 21:48:55,042:INFO:pycaret_globals: {'fold_param', '_available_plots', 'target_param', '_all_metrics', 'fix_imbalance_param', 'exp_name_log', 'log_plots_param', 'X', '_all_models_internal', 'prep_pipe', 'display_container', 'fix_imbalance_method_param', '_internal_pipeline', 'create_model_container', '_all_models', 'imputation_classifier', 'fold_shuffle_param', '_ml_usecase', 'transform_target_method_param', 'imputation_regressor', 'seed', 'logging_param', 'stratify_param', 'fold_generator', 'fold_groups_param', 'transform_target_param', 'n_jobs_param', 'USI', 'master_model_container', 'gpu_param', '_gpu_n_jobs_param', 'pycaret_globals', 'html_param', 'iterative_imputation_iters_param', 'data_before_preprocess', 'experiment__'}
2023-08-16 21:48:55,042:INFO:Preparing display monitor
2023-08-16 21:48:55,043:INFO:Preparing display monitor
2023-08-16 21:48:55,077:INFO:Importing libraries
2023-08-16 21:48:55,077:INFO:Copying data for preprocessing
2023-08-16 21:48:55,189:INFO:Declaring preprocessing parameters
2023-08-16 21:48:55,275:INFO:Creating preprocessing pipeline
2023-08-16 21:48:55,606:INFO:Preprocessing pipeline created successfully
2023-08-16 21:48:55,606:ERROR:(Process Exit): setup has been interupted with user command 'quit'. setup must rerun.
2023-08-16 21:48:55,606:INFO:Creating global containers
2023-08-16 21:52:24,603:INFO:PyCaret Supervised Module
2023-08-16 21:52:24,606:INFO:ML Usecase: clustering
2023-08-16 21:52:24,606:INFO:version 2.2.2
2023-08-16 21:52:24,607:INFO:Initializing setup()
2023-08-16 21:52:24,607:INFO:setup(target=None, ml_usecase=clustering, available_plots={'cluster': 'Cluster PCA Plot (2d)', 'tsne': 'Cluster TSnE (3d)', 'elbow': 'Elbow', 'silhouette': 'Silhouette', 'distance': 'Distance', 'distribution': 'Distribution'}, train_size=0.7, test_data=None, preprocess=True, imputation_type=simple, iterative_imputation_iters=5, categorical_features=None, categorical_imputation=mode, categorical_iterative_imputer=lightgbm, ordinal_features=None, high_cardinality_features=None, high_cardinality_method=frequency, numeric_features=None, numeric_imputation=mean, numeric_iterative_imputer=lightgbm, date_features=None, ignore_features=['batch_transaction_id'], normalize=True, normalize_method=zscore, transformation=False, transformation_method=yeo-johnson, handle_unknown_categorical=True, unknown_categorical_method=least_frequent, pca=False, pca_method=linear, pca_components=None, ignore_low_variance=False, combine_rare_levels=False, rare_level_threshold=0.1, bin_numeric_features=None, remove_outliers=False, outliers_threshold=0.05, remove_multicollinearity=False, multicollinearity_threshold=0.9, remove_perfect_collinearity=False, create_clusters=False, cluster_iter=20, polynomial_features=False, polynomial_degree=2, trigonometry_features=False, polynomial_threshold=0.1, group_features=None, group_names=None, feature_selection=False, feature_selection_threshold=0.8, feature_selection_method=classic, feature_interaction=False, feature_ratio=False, interaction_threshold=0.01, fix_imbalance=False, fix_imbalance_method=None, transform_target=False, transform_target_method=box-cox, data_split_shuffle=False, data_split_stratify=False, fold_strategy=kfold, fold=10, fold_shuffle=False, fold_groups=None, n_jobs=-1, use_gpu=False, custom_pipeline=None, html=True, session_id=None, log_experiment=False, experiment_name=None, log_plots=False, log_profile=False, log_data=False, silent=False, verbose=True, profile=False, profile_kwargs=None, display=None)
2023-08-16 21:52:24,607:INFO:Checking environment
2023-08-16 21:52:24,607:INFO:python_version: 3.9.12
2023-08-16 21:52:24,608:INFO:python_build: ('main', 'Apr  5 2022 01:53:17')
2023-08-16 21:52:24,608:INFO:machine: x86_64
2023-08-16 21:52:24,608:INFO:platform: macOS-10.16-x86_64-i386-64bit
2023-08-16 21:52:24,609:INFO:Memory: svmem(total=8589934592, available=2051670016, percent=76.1, used=4888231936, free=11767808, active=2042200064, inactive=2032033792, wired=2846031872)
2023-08-16 21:52:24,609:INFO:Physical Core: 4
2023-08-16 21:52:24,609:INFO:Logical Core: 8
2023-08-16 21:52:24,610:INFO:Checking libraries
2023-08-16 21:52:24,610:INFO:pd==1.4.2
2023-08-16 21:52:24,610:INFO:numpy==1.21.6
2023-08-16 21:52:24,610:INFO:sklearn==1.0.2
2023-08-16 21:52:24,611:INFO:xgboost==1.6.0
2023-08-16 21:52:24,611:INFO:lightgbm==3.3.2
2023-08-16 21:52:24,611:INFO:catboost==1.0.5
2023-08-16 21:52:24,611:INFO:mlflow==1.25.1
2023-08-16 21:52:24,612:INFO:Checking Exceptions
2023-08-16 21:52:24,614:INFO:Declaring global variables
2023-08-16 21:52:24,614:INFO:USI: da54
2023-08-16 21:52:24,614:INFO:pycaret_globals: {'fold_param', '_available_plots', 'target_param', '_all_metrics', 'fix_imbalance_param', 'exp_name_log', 'log_plots_param', 'X', '_all_models_internal', 'prep_pipe', 'display_container', 'fix_imbalance_method_param', '_internal_pipeline', 'create_model_container', '_all_models', 'imputation_classifier', 'fold_shuffle_param', '_ml_usecase', 'transform_target_method_param', 'imputation_regressor', 'seed', 'logging_param', 'stratify_param', 'fold_generator', 'fold_groups_param', 'transform_target_param', 'n_jobs_param', 'USI', 'master_model_container', 'gpu_param', '_gpu_n_jobs_param', 'pycaret_globals', 'html_param', 'iterative_imputation_iters_param', 'data_before_preprocess', 'experiment__'}
2023-08-16 21:52:24,615:INFO:Preparing display monitor
2023-08-16 21:52:24,615:INFO:Preparing display monitor
2023-08-16 21:52:24,680:INFO:Importing libraries
2023-08-16 21:52:24,681:INFO:Copying data for preprocessing
2023-08-16 21:52:24,953:INFO:Declaring preprocessing parameters
2023-08-16 21:52:25,038:INFO:Creating preprocessing pipeline
2023-08-16 21:52:25,392:INFO:Preprocessing pipeline created successfully
2023-08-16 21:52:25,392:ERROR:(Process Exit): setup has been interupted with user command 'quit'. setup must rerun.
2023-08-16 21:52:25,392:INFO:Creating global containers
2023-08-16 22:02:08,663:INFO:PyCaret Supervised Module
2023-08-16 22:02:08,665:INFO:ML Usecase: clustering
2023-08-16 22:02:08,666:INFO:version 2.2.2
2023-08-16 22:02:08,666:INFO:Initializing setup()
2023-08-16 22:02:08,666:INFO:setup(target=None, ml_usecase=clustering, available_plots={'cluster': 'Cluster PCA Plot (2d)', 'tsne': 'Cluster TSnE (3d)', 'elbow': 'Elbow', 'silhouette': 'Silhouette', 'distance': 'Distance', 'distribution': 'Distribution'}, train_size=0.7, test_data=None, preprocess=True, imputation_type=simple, iterative_imputation_iters=5, categorical_features=None, categorical_imputation=mode, categorical_iterative_imputer=lightgbm, ordinal_features=None, high_cardinality_features=None, high_cardinality_method=frequency, numeric_features=None, numeric_imputation=mean, numeric_iterative_imputer=lightgbm, date_features=None, ignore_features=['batch_transaction_id'], normalize=True, normalize_method=zscore, transformation=False, transformation_method=yeo-johnson, handle_unknown_categorical=True, unknown_categorical_method=least_frequent, pca=False, pca_method=linear, pca_components=None, ignore_low_variance=False, combine_rare_levels=False, rare_level_threshold=0.1, bin_numeric_features=None, remove_outliers=False, outliers_threshold=0.05, remove_multicollinearity=False, multicollinearity_threshold=0.9, remove_perfect_collinearity=False, create_clusters=False, cluster_iter=20, polynomial_features=False, polynomial_degree=2, trigonometry_features=False, polynomial_threshold=0.1, group_features=None, group_names=None, feature_selection=False, feature_selection_threshold=0.8, feature_selection_method=classic, feature_interaction=False, feature_ratio=False, interaction_threshold=0.01, fix_imbalance=False, fix_imbalance_method=None, transform_target=False, transform_target_method=box-cox, data_split_shuffle=False, data_split_stratify=False, fold_strategy=kfold, fold=10, fold_shuffle=False, fold_groups=None, n_jobs=-1, use_gpu=False, custom_pipeline=None, html=True, session_id=123, log_experiment=False, experiment_name=None, log_plots=False, log_profile=False, log_data=False, silent=False, verbose=True, profile=False, profile_kwargs=None, display=None)
2023-08-16 22:02:08,668:INFO:Checking environment
2023-08-16 22:02:08,668:INFO:python_version: 3.9.12
2023-08-16 22:02:08,669:INFO:python_build: ('main', 'Apr  5 2022 01:53:17')
2023-08-16 22:02:08,669:INFO:machine: x86_64
2023-08-16 22:02:08,670:INFO:platform: macOS-10.16-x86_64-i386-64bit
2023-08-16 22:02:08,670:INFO:Memory: svmem(total=8589934592, available=2030080000, percent=76.4, used=4752007168, free=33894400, active=1999183872, inactive=1993744384, wired=2752823296)
2023-08-16 22:02:08,671:INFO:Physical Core: 4
2023-08-16 22:02:08,671:INFO:Logical Core: 8
2023-08-16 22:02:08,671:INFO:Checking libraries
2023-08-16 22:02:08,671:INFO:pd==1.4.2
2023-08-16 22:02:08,671:INFO:numpy==1.21.6
2023-08-16 22:02:08,672:INFO:sklearn==1.0.2
2023-08-16 22:02:08,672:INFO:xgboost==1.6.0
2023-08-16 22:02:08,672:INFO:lightgbm==3.3.2
2023-08-16 22:02:08,672:INFO:catboost==1.0.5
2023-08-16 22:02:08,672:INFO:mlflow==1.25.1
2023-08-16 22:02:08,672:INFO:Checking Exceptions
2023-08-16 22:02:08,676:INFO:Declaring global variables
2023-08-16 22:02:08,677:INFO:USI: 347d
2023-08-16 22:02:08,678:INFO:pycaret_globals: {'fold_param', '_available_plots', 'target_param', '_all_metrics', 'fix_imbalance_param', 'exp_name_log', 'log_plots_param', 'X', '_all_models_internal', 'prep_pipe', 'display_container', 'fix_imbalance_method_param', '_internal_pipeline', 'create_model_container', '_all_models', 'imputation_classifier', 'fold_shuffle_param', '_ml_usecase', 'transform_target_method_param', 'imputation_regressor', 'seed', 'logging_param', 'stratify_param', 'fold_generator', 'fold_groups_param', 'transform_target_param', 'n_jobs_param', 'USI', 'master_model_container', 'gpu_param', '_gpu_n_jobs_param', 'pycaret_globals', 'html_param', 'iterative_imputation_iters_param', 'data_before_preprocess', 'experiment__'}
2023-08-16 22:02:08,678:INFO:Preparing display monitor
2023-08-16 22:02:08,678:INFO:Preparing display monitor
2023-08-16 22:02:08,721:INFO:Importing libraries
2023-08-16 22:02:08,722:INFO:Copying data for preprocessing
2023-08-16 22:02:09,051:INFO:Declaring preprocessing parameters
2023-08-16 22:02:09,142:INFO:Creating preprocessing pipeline
2023-08-16 22:02:09,498:INFO:Preprocessing pipeline created successfully
2023-08-16 22:02:09,498:ERROR:(Process Exit): setup has been interupted with user command 'quit'. setup must rerun.
2023-08-16 22:02:09,498:INFO:Creating global containers
2023-08-16 22:03:07,266:INFO:PyCaret Supervised Module
2023-08-16 22:03:07,266:INFO:ML Usecase: clustering
2023-08-16 22:03:07,267:INFO:version 2.2.2
2023-08-16 22:03:07,267:INFO:Initializing setup()
2023-08-16 22:03:07,268:INFO:setup(target=None, ml_usecase=clustering, available_plots={'cluster': 'Cluster PCA Plot (2d)', 'tsne': 'Cluster TSnE (3d)', 'elbow': 'Elbow', 'silhouette': 'Silhouette', 'distance': 'Distance', 'distribution': 'Distribution'}, train_size=0.7, test_data=None, preprocess=True, imputation_type=simple, iterative_imputation_iters=5, categorical_features=None, categorical_imputation=mode, categorical_iterative_imputer=lightgbm, ordinal_features=None, high_cardinality_features=None, high_cardinality_method=frequency, numeric_features=None, numeric_imputation=mean, numeric_iterative_imputer=lightgbm, date_features=None, ignore_features=None, normalize=False, normalize_method=zscore, transformation=False, transformation_method=yeo-johnson, handle_unknown_categorical=True, unknown_categorical_method=least_frequent, pca=False, pca_method=linear, pca_components=None, ignore_low_variance=False, combine_rare_levels=False, rare_level_threshold=0.1, bin_numeric_features=None, remove_outliers=False, outliers_threshold=0.05, remove_multicollinearity=False, multicollinearity_threshold=0.9, remove_perfect_collinearity=False, create_clusters=False, cluster_iter=20, polynomial_features=False, polynomial_degree=2, trigonometry_features=False, polynomial_threshold=0.1, group_features=None, group_names=None, feature_selection=False, feature_selection_threshold=0.8, feature_selection_method=classic, feature_interaction=False, feature_ratio=False, interaction_threshold=0.01, fix_imbalance=False, fix_imbalance_method=None, transform_target=False, transform_target_method=box-cox, data_split_shuffle=False, data_split_stratify=False, fold_strategy=kfold, fold=10, fold_shuffle=False, fold_groups=None, n_jobs=-1, use_gpu=False, custom_pipeline=None, html=True, session_id=None, log_experiment=False, experiment_name=None, log_plots=False, log_profile=False, log_data=False, silent=False, verbose=True, profile=False, profile_kwargs=None, display=None)
2023-08-16 22:03:07,268:INFO:Checking environment
2023-08-16 22:03:07,268:INFO:python_version: 3.9.12
2023-08-16 22:03:07,268:INFO:python_build: ('main', 'Apr  5 2022 01:53:17')
2023-08-16 22:03:07,269:INFO:machine: x86_64
2023-08-16 22:03:07,269:INFO:platform: macOS-10.16-x86_64-i386-64bit
2023-08-16 22:03:07,269:INFO:Memory: svmem(total=8589934592, available=2132275200, percent=75.2, used=4732596224, free=167530496, active=1972424704, inactive=1927114752, wired=2760171520)
2023-08-16 22:03:07,269:INFO:Physical Core: 4
2023-08-16 22:03:07,269:INFO:Logical Core: 8
2023-08-16 22:03:07,269:INFO:Checking libraries
2023-08-16 22:03:07,269:INFO:pd==1.4.2
2023-08-16 22:03:07,269:INFO:numpy==1.21.6
2023-08-16 22:03:07,269:INFO:sklearn==1.0.2
2023-08-16 22:03:07,269:INFO:xgboost==1.6.0
2023-08-16 22:03:07,269:INFO:lightgbm==3.3.2
2023-08-16 22:03:07,269:INFO:catboost==1.0.5
2023-08-16 22:03:07,269:INFO:mlflow==1.25.1
2023-08-16 22:03:07,270:INFO:Checking Exceptions
2023-08-16 22:03:07,270:INFO:Declaring global variables
2023-08-16 22:03:07,270:INFO:USI: 7c20
2023-08-16 22:03:07,270:INFO:pycaret_globals: {'fold_param', '_available_plots', 'target_param', '_all_metrics', 'fix_imbalance_param', 'exp_name_log', 'log_plots_param', 'X', '_all_models_internal', 'prep_pipe', 'display_container', 'fix_imbalance_method_param', '_internal_pipeline', 'create_model_container', '_all_models', 'imputation_classifier', 'fold_shuffle_param', '_ml_usecase', 'transform_target_method_param', 'imputation_regressor', 'seed', 'logging_param', 'stratify_param', 'fold_generator', 'fold_groups_param', 'transform_target_param', 'n_jobs_param', 'USI', 'master_model_container', 'gpu_param', '_gpu_n_jobs_param', 'pycaret_globals', 'html_param', 'iterative_imputation_iters_param', 'data_before_preprocess', 'experiment__'}
2023-08-16 22:03:07,270:INFO:Preparing display monitor
2023-08-16 22:03:07,270:INFO:Preparing display monitor
2023-08-16 22:03:07,288:INFO:Importing libraries
2023-08-16 22:03:07,288:INFO:Copying data for preprocessing
2023-08-16 22:03:07,380:INFO:Declaring preprocessing parameters
2023-08-16 22:03:07,464:INFO:Creating preprocessing pipeline
2023-08-16 22:03:07,793:INFO:Preprocessing pipeline created successfully
2023-08-16 22:03:07,794:ERROR:(Process Exit): setup has been interupted with user command 'quit'. setup must rerun.
2023-08-16 22:03:07,794:INFO:Creating global containers
2023-08-16 22:48:07,825:INFO:PyCaret Supervised Module
2023-08-16 22:48:07,826:INFO:ML Usecase: clustering
2023-08-16 22:48:07,826:INFO:version 2.2.2
2023-08-16 22:48:07,826:INFO:Initializing setup()
2023-08-16 22:48:07,826:INFO:setup(target=None, ml_usecase=clustering, available_plots={'cluster': 'Cluster PCA Plot (2d)', 'tsne': 'Cluster TSnE (3d)', 'elbow': 'Elbow', 'silhouette': 'Silhouette', 'distance': 'Distance', 'distribution': 'Distribution'}, train_size=0.7, test_data=None, preprocess=True, imputation_type=simple, iterative_imputation_iters=5, categorical_features=None, categorical_imputation=mode, categorical_iterative_imputer=lightgbm, ordinal_features=None, high_cardinality_features=None, high_cardinality_method=frequency, numeric_features=None, numeric_imputation=mean, numeric_iterative_imputer=lightgbm, date_features=None, ignore_features=['batch_transaction_id'], normalize=True, normalize_method=zscore, transformation=False, transformation_method=yeo-johnson, handle_unknown_categorical=True, unknown_categorical_method=least_frequent, pca=False, pca_method=linear, pca_components=None, ignore_low_variance=False, combine_rare_levels=False, rare_level_threshold=0.1, bin_numeric_features=None, remove_outliers=False, outliers_threshold=0.05, remove_multicollinearity=False, multicollinearity_threshold=0.9, remove_perfect_collinearity=False, create_clusters=False, cluster_iter=20, polynomial_features=False, polynomial_degree=2, trigonometry_features=False, polynomial_threshold=0.1, group_features=None, group_names=None, feature_selection=False, feature_selection_threshold=0.8, feature_selection_method=classic, feature_interaction=False, feature_ratio=False, interaction_threshold=0.01, fix_imbalance=False, fix_imbalance_method=None, transform_target=False, transform_target_method=box-cox, data_split_shuffle=False, data_split_stratify=False, fold_strategy=kfold, fold=10, fold_shuffle=False, fold_groups=None, n_jobs=-1, use_gpu=False, custom_pipeline=None, html=True, session_id=123, log_experiment=False, experiment_name=None, log_plots=False, log_profile=False, log_data=False, silent=False, verbose=True, profile=False, profile_kwargs=None, display=None)
2023-08-16 22:48:07,826:INFO:Checking environment
2023-08-16 22:48:07,826:INFO:python_version: 3.9.12
2023-08-16 22:48:07,827:INFO:python_build: ('main', 'Apr  5 2022 01:53:17')
2023-08-16 22:48:07,827:INFO:machine: x86_64
2023-08-16 22:48:07,827:INFO:platform: macOS-10.16-x86_64-i386-64bit
2023-08-16 22:48:07,828:INFO:Memory: svmem(total=8589934592, available=2382868480, percent=72.3, used=4934262784, free=224108544, active=2105180160, inactive=2116886528, wired=2829082624)
2023-08-16 22:48:07,828:INFO:Physical Core: 4
2023-08-16 22:48:07,828:INFO:Logical Core: 8
2023-08-16 22:48:07,828:INFO:Checking libraries
2023-08-16 22:48:07,828:INFO:pd==1.4.2
2023-08-16 22:48:07,829:INFO:numpy==1.21.6
2023-08-16 22:48:07,829:INFO:sklearn==1.0.2
2023-08-16 22:48:08,116:INFO:xgboost==1.6.0
2023-08-16 22:48:08,116:INFO:lightgbm==3.3.2
2023-08-16 22:48:08,194:INFO:catboost==1.0.5
2023-08-16 22:48:08,593:INFO:mlflow==1.25.1
2023-08-16 22:48:08,593:INFO:Checking Exceptions
2023-08-16 22:48:08,594:INFO:Declaring global variables
2023-08-16 22:48:08,595:INFO:USI: 3c7e
2023-08-16 22:48:08,595:INFO:pycaret_globals: {'html_param', '_all_models', 'stratify_param', 'fold_param', '_all_models_internal', '_all_metrics', 'master_model_container', 'seed', 'fold_groups_param', 'target_param', 'log_plots_param', 'transform_target_param', 'fold_shuffle_param', 'X', 'transform_target_method_param', 'USI', 'n_jobs_param', 'imputation_classifier', 'pycaret_globals', 'create_model_container', 'exp_name_log', 'fix_imbalance_method_param', 'gpu_param', 'display_container', 'fold_generator', 'experiment__', 'imputation_regressor', 'iterative_imputation_iters_param', '_internal_pipeline', 'fix_imbalance_param', 'logging_param', '_ml_usecase', '_available_plots', 'data_before_preprocess', '_gpu_n_jobs_param', 'prep_pipe'}
2023-08-16 22:48:08,595:INFO:Preparing display monitor
2023-08-16 22:48:08,596:INFO:Preparing display monitor
2023-08-16 22:48:08,613:INFO:Importing libraries
2023-08-16 22:48:08,613:INFO:Copying data for preprocessing
2023-08-16 22:48:08,798:INFO:Declaring preprocessing parameters
2023-08-16 22:48:08,908:INFO:Creating preprocessing pipeline
2023-08-16 22:48:09,290:INFO:Preprocessing pipeline created successfully
2023-08-16 22:48:09,290:ERROR:(Process Exit): setup has been interupted with user command 'quit'. setup must rerun.
2023-08-16 22:48:09,290:INFO:Creating global containers
2023-08-16 22:48:40,963:INFO:PyCaret Supervised Module
2023-08-16 22:48:40,965:INFO:ML Usecase: clustering
2023-08-16 22:48:40,966:INFO:version 2.2.2
2023-08-16 22:48:40,966:INFO:Initializing setup()
2023-08-16 22:48:40,967:INFO:setup(target=None, ml_usecase=clustering, available_plots={'cluster': 'Cluster PCA Plot (2d)', 'tsne': 'Cluster TSnE (3d)', 'elbow': 'Elbow', 'silhouette': 'Silhouette', 'distance': 'Distance', 'distribution': 'Distribution'}, train_size=0.7, test_data=None, preprocess=True, imputation_type=simple, iterative_imputation_iters=5, categorical_features=None, categorical_imputation=mode, categorical_iterative_imputer=lightgbm, ordinal_features=None, high_cardinality_features=None, high_cardinality_method=frequency, numeric_features=None, numeric_imputation=mean, numeric_iterative_imputer=lightgbm, date_features=None, ignore_features=['batch_transaction_id'], normalize=True, normalize_method=zscore, transformation=False, transformation_method=yeo-johnson, handle_unknown_categorical=True, unknown_categorical_method=least_frequent, pca=False, pca_method=linear, pca_components=None, ignore_low_variance=False, combine_rare_levels=False, rare_level_threshold=0.1, bin_numeric_features=None, remove_outliers=False, outliers_threshold=0.05, remove_multicollinearity=False, multicollinearity_threshold=0.9, remove_perfect_collinearity=False, create_clusters=False, cluster_iter=20, polynomial_features=False, polynomial_degree=2, trigonometry_features=False, polynomial_threshold=0.1, group_features=None, group_names=None, feature_selection=False, feature_selection_threshold=0.8, feature_selection_method=classic, feature_interaction=False, feature_ratio=False, interaction_threshold=0.01, fix_imbalance=False, fix_imbalance_method=None, transform_target=False, transform_target_method=box-cox, data_split_shuffle=False, data_split_stratify=False, fold_strategy=kfold, fold=10, fold_shuffle=False, fold_groups=None, n_jobs=-1, use_gpu=False, custom_pipeline=None, html=True, session_id=123, log_experiment=False, experiment_name=None, log_plots=False, log_profile=False, log_data=False, silent=False, verbose=True, profile=False, profile_kwargs=None, display=None)
2023-08-16 22:48:40,968:INFO:Checking environment
2023-08-16 22:48:40,970:INFO:python_version: 3.9.12
2023-08-16 22:48:40,971:INFO:python_build: ('main', 'Apr  5 2022 01:53:17')
2023-08-16 22:48:40,971:INFO:machine: x86_64
2023-08-16 22:48:40,971:INFO:platform: macOS-10.16-x86_64-i386-64bit
2023-08-16 22:48:40,971:INFO:Memory: svmem(total=8589934592, available=2233610240, percent=74.0, used=4885544960, free=106868736, active=2131021824, inactive=2109964288, wired=2754523136)
2023-08-16 22:48:40,971:INFO:Physical Core: 4
2023-08-16 22:48:40,972:INFO:Logical Core: 8
2023-08-16 22:48:40,972:INFO:Checking libraries
2023-08-16 22:48:40,972:INFO:pd==1.4.2
2023-08-16 22:48:40,972:INFO:numpy==1.21.6
2023-08-16 22:48:40,972:INFO:sklearn==1.0.2
2023-08-16 22:48:40,972:INFO:xgboost==1.6.0
2023-08-16 22:48:40,972:INFO:lightgbm==3.3.2
2023-08-16 22:48:40,972:INFO:catboost==1.0.5
2023-08-16 22:48:40,972:INFO:mlflow==1.25.1
2023-08-16 22:48:40,972:INFO:Checking Exceptions
2023-08-16 22:48:40,972:INFO:Declaring global variables
2023-08-16 22:48:40,972:INFO:USI: 7667
2023-08-16 22:48:40,973:INFO:pycaret_globals: {'html_param', '_all_models', 'stratify_param', 'fold_param', '_all_models_internal', '_all_metrics', 'master_model_container', 'seed', 'fold_groups_param', 'target_param', 'log_plots_param', 'transform_target_param', 'fold_shuffle_param', 'X', 'transform_target_method_param', 'USI', 'n_jobs_param', 'imputation_classifier', 'pycaret_globals', 'create_model_container', 'exp_name_log', 'fix_imbalance_method_param', 'gpu_param', 'display_container', 'fold_generator', 'experiment__', 'imputation_regressor', 'iterative_imputation_iters_param', '_internal_pipeline', 'fix_imbalance_param', 'logging_param', '_ml_usecase', '_available_plots', 'data_before_preprocess', '_gpu_n_jobs_param', 'prep_pipe'}
2023-08-16 22:48:40,973:INFO:Preparing display monitor
2023-08-16 22:48:40,973:INFO:Preparing display monitor
2023-08-16 22:48:41,016:INFO:Importing libraries
2023-08-16 22:48:41,016:INFO:Copying data for preprocessing
2023-08-16 22:48:41,221:INFO:Declaring preprocessing parameters
2023-08-16 22:48:41,306:INFO:Creating preprocessing pipeline
2023-08-16 22:48:41,664:INFO:Preprocessing pipeline created successfully
2023-08-16 22:48:41,664:ERROR:(Process Exit): setup has been interupted with user command 'quit'. setup must rerun.
2023-08-16 22:48:41,665:INFO:Creating global containers
2023-08-16 23:39:42,634:INFO:PyCaret Supervised Module
2023-08-16 23:39:42,635:INFO:ML Usecase: clustering
2023-08-16 23:39:42,635:INFO:version 2.2.2
2023-08-16 23:39:42,635:INFO:Initializing setup()
2023-08-16 23:39:42,635:INFO:setup(target=None, ml_usecase=clustering, available_plots={'cluster': 'Cluster PCA Plot (2d)', 'tsne': 'Cluster TSnE (3d)', 'elbow': 'Elbow', 'silhouette': 'Silhouette', 'distance': 'Distance', 'distribution': 'Distribution'}, train_size=0.7, test_data=None, preprocess=True, imputation_type=simple, iterative_imputation_iters=5, categorical_features=None, categorical_imputation=mode, categorical_iterative_imputer=lightgbm, ordinal_features=None, high_cardinality_features=None, high_cardinality_method=frequency, numeric_features=None, numeric_imputation=mean, numeric_iterative_imputer=lightgbm, date_features=None, ignore_features=['batch_transaction_id'], normalize=True, normalize_method=zscore, transformation=False, transformation_method=yeo-johnson, handle_unknown_categorical=True, unknown_categorical_method=least_frequent, pca=False, pca_method=linear, pca_components=None, ignore_low_variance=False, combine_rare_levels=False, rare_level_threshold=0.1, bin_numeric_features=None, remove_outliers=False, outliers_threshold=0.05, remove_multicollinearity=False, multicollinearity_threshold=0.9, remove_perfect_collinearity=False, create_clusters=False, cluster_iter=20, polynomial_features=False, polynomial_degree=2, trigonometry_features=False, polynomial_threshold=0.1, group_features=None, group_names=None, feature_selection=False, feature_selection_threshold=0.8, feature_selection_method=classic, feature_interaction=False, feature_ratio=False, interaction_threshold=0.01, fix_imbalance=False, fix_imbalance_method=None, transform_target=False, transform_target_method=box-cox, data_split_shuffle=False, data_split_stratify=False, fold_strategy=kfold, fold=10, fold_shuffle=False, fold_groups=None, n_jobs=-1, use_gpu=False, custom_pipeline=None, html=True, session_id=123, log_experiment=False, experiment_name=None, log_plots=False, log_profile=False, log_data=False, silent=False, verbose=True, profile=False, profile_kwargs=None, display=None)
2023-08-16 23:39:42,636:INFO:Checking environment
2023-08-16 23:39:42,636:INFO:python_version: 3.9.12
2023-08-16 23:39:42,636:INFO:python_build: ('main', 'Apr  5 2022 01:53:17')
2023-08-16 23:39:42,636:INFO:machine: x86_64
2023-08-16 23:39:42,637:INFO:platform: macOS-10.16-x86_64-i386-64bit
2023-08-16 23:39:42,638:INFO:Memory: svmem(total=8589934592, available=2052030464, percent=76.1, used=4661211136, free=93310976, active=1939922944, inactive=1909833728, wired=2721288192)
2023-08-16 23:39:42,638:INFO:Physical Core: 4
2023-08-16 23:39:42,638:INFO:Logical Core: 8
2023-08-16 23:39:42,639:INFO:Checking libraries
2023-08-16 23:39:42,639:INFO:pd==1.4.2
2023-08-16 23:39:42,639:INFO:numpy==1.21.6
2023-08-16 23:39:42,639:INFO:sklearn==1.0.2
2023-08-16 23:39:42,639:INFO:xgboost==1.6.0
2023-08-16 23:39:42,639:INFO:lightgbm==3.3.2
2023-08-16 23:39:42,639:INFO:catboost==1.0.5
2023-08-16 23:39:42,639:INFO:mlflow==1.25.1
2023-08-16 23:39:42,639:INFO:Checking Exceptions
2023-08-16 23:39:42,640:INFO:Declaring global variables
2023-08-16 23:39:42,640:INFO:USI: 60a4
2023-08-16 23:39:42,641:INFO:pycaret_globals: {'html_param', '_all_models', 'stratify_param', 'fold_param', '_all_models_internal', '_all_metrics', 'master_model_container', 'seed', 'fold_groups_param', 'target_param', 'log_plots_param', 'transform_target_param', 'fold_shuffle_param', 'X', 'transform_target_method_param', 'USI', 'n_jobs_param', 'imputation_classifier', 'pycaret_globals', 'create_model_container', 'exp_name_log', 'fix_imbalance_method_param', 'gpu_param', 'display_container', 'fold_generator', 'experiment__', 'imputation_regressor', 'iterative_imputation_iters_param', '_internal_pipeline', 'fix_imbalance_param', 'logging_param', '_ml_usecase', '_available_plots', 'data_before_preprocess', '_gpu_n_jobs_param', 'prep_pipe'}
2023-08-16 23:39:42,641:INFO:Preparing display monitor
2023-08-16 23:39:42,641:INFO:Preparing display monitor
2023-08-16 23:39:42,657:INFO:Importing libraries
2023-08-16 23:39:42,658:INFO:Copying data for preprocessing
2023-08-16 23:39:42,788:INFO:Declaring preprocessing parameters
2023-08-16 23:39:42,901:INFO:Creating preprocessing pipeline
2023-08-16 23:39:43,465:INFO:Preprocessing pipeline created successfully
2023-08-16 23:39:43,465:ERROR:(Process Exit): setup has been interupted with user command 'quit'. setup must rerun.
2023-08-16 23:39:43,465:INFO:Creating global containers
2023-08-16 23:49:47,017:WARNING:
'cuml' is a soft dependency and not included in the pycaret installation. Please run: `pip install cuml` to install.
2023-08-16 23:49:47,018:WARNING:
'cuml' is a soft dependency and not included in the pycaret installation. Please run: `pip install cuml` to install.
2023-08-16 23:49:47,018:WARNING:
'cuml' is a soft dependency and not included in the pycaret installation. Please run: `pip install cuml` to install.
2023-08-16 23:49:47,018:WARNING:
'cuml' is a soft dependency and not included in the pycaret installation. Please run: `pip install cuml` to install.
2023-08-16 23:54:19,359:WARNING:
'cuml' is a soft dependency and not included in the pycaret installation. Please run: `pip install cuml` to install.
2023-08-16 23:54:19,360:WARNING:
'cuml' is a soft dependency and not included in the pycaret installation. Please run: `pip install cuml` to install.
2023-08-16 23:54:19,360:WARNING:
'cuml' is a soft dependency and not included in the pycaret installation. Please run: `pip install cuml` to install.
2023-08-16 23:54:19,360:WARNING:
'cuml' is a soft dependency and not included in the pycaret installation. Please run: `pip install cuml` to install.
2023-08-17 00:14:53,480:INFO:PyCaret ClusteringExperiment
2023-08-17 00:14:53,481:INFO:Logging name: cluster-default-name
2023-08-17 00:14:53,481:INFO:ML Usecase: MLUsecase.CLUSTERING
2023-08-17 00:14:53,481:INFO:version 3.0.4
2023-08-17 00:14:53,481:INFO:Initializing setup()
2023-08-17 00:14:53,481:INFO:self.USI: d3b5
2023-08-17 00:14:53,482:INFO:self._variable_keys: {'X', 'log_plots_param', 'exp_id', 'memory', '_available_plots', 'USI', 'exp_name_log', 'idx', 'gpu_n_jobs_param', 'html_param', 'pipeline', 'gpu_param', 'data', 'logging_param', 'n_jobs_param', '_ml_usecase', 'seed'}
2023-08-17 00:14:53,482:INFO:Checking environment
2023-08-17 00:14:53,482:INFO:python_version: 3.10.12
2023-08-17 00:14:53,482:INFO:python_build: ('main', 'Jul  5 2023 15:34:07')
2023-08-17 00:14:53,482:INFO:machine: x86_64
2023-08-17 00:14:53,482:INFO:platform: macOS-10.16-x86_64-i386-64bit
2023-08-17 00:14:53,483:INFO:Memory: svmem(total=8589934592, available=2378993664, percent=72.3, used=4987617280, free=487620608, active=1895559168, inactive=1889050624, wired=3092058112)
2023-08-17 00:14:53,483:INFO:Physical Core: 4
2023-08-17 00:14:53,483:INFO:Logical Core: 8
2023-08-17 00:14:53,484:INFO:Checking libraries
2023-08-17 00:14:53,484:INFO:System:
2023-08-17 00:14:53,484:INFO:    python: 3.10.12 (main, Jul  5 2023, 15:34:07) [Clang 14.0.6 ]
2023-08-17 00:14:53,485:INFO:executable: /Users/wagwalabsanalytics/opt/anaconda3/envs/pyactuary/bin/python
2023-08-17 00:14:53,485:INFO:   machine: macOS-10.16-x86_64-i386-64bit
2023-08-17 00:14:53,485:INFO:PyCaret required dependencies:
2023-08-17 00:14:56,988:INFO:                 pip: 23.2.1
2023-08-17 00:14:56,988:INFO:          setuptools: 68.0.0
2023-08-17 00:14:56,988:INFO:             pycaret: 3.0.4
2023-08-17 00:14:56,988:INFO:             IPython: 7.34.0
2023-08-17 00:14:56,988:INFO:          ipywidgets: 7.8.0
2023-08-17 00:14:56,988:INFO:                tqdm: 4.66.1
2023-08-17 00:14:56,988:INFO:               numpy: 1.23.5
2023-08-17 00:14:56,988:INFO:              pandas: 1.5.3
2023-08-17 00:14:56,988:INFO:              jinja2: 3.1.2
2023-08-17 00:14:56,988:INFO:               scipy: 1.10.1
2023-08-17 00:14:56,988:INFO:              joblib: 1.3.2
2023-08-17 00:14:56,988:INFO:             sklearn: 1.2.2
2023-08-17 00:14:56,988:INFO:                pyod: 1.1.0
2023-08-17 00:14:56,988:INFO:            imblearn: 0.11.0
2023-08-17 00:14:56,988:INFO:   category_encoders: 2.6.2
2023-08-17 00:14:56,988:INFO:            lightgbm: 4.0.0
2023-08-17 00:14:56,988:INFO:               numba: 0.57.1
2023-08-17 00:14:56,988:INFO:            requests: 2.31.0
2023-08-17 00:14:56,989:INFO:          matplotlib: 3.7.2
2023-08-17 00:14:56,989:INFO:          scikitplot: 0.3.7
2023-08-17 00:14:56,989:INFO:         yellowbrick: 1.5
2023-08-17 00:14:56,989:INFO:              plotly: 5.16.1
2023-08-17 00:14:56,989:INFO:    plotly-resampler: Not installed
2023-08-17 00:14:56,989:INFO:             kaleido: 0.2.1
2023-08-17 00:14:56,989:INFO:           schemdraw: 0.15
2023-08-17 00:14:56,989:INFO:         statsmodels: 0.14.0
2023-08-17 00:14:56,989:INFO:              sktime: 0.21.0
2023-08-17 00:14:56,989:INFO:               tbats: 1.1.3
2023-08-17 00:14:56,989:INFO:            pmdarima: 2.0.3
2023-08-17 00:14:56,989:INFO:              psutil: 5.9.5
2023-08-17 00:14:56,989:INFO:          markupsafe: 2.1.3
2023-08-17 00:14:56,989:INFO:             pickle5: Not installed
2023-08-17 00:14:56,989:INFO:         cloudpickle: 2.2.1
2023-08-17 00:14:56,989:INFO:         deprecation: 2.1.0
2023-08-17 00:14:56,989:INFO:              xxhash: 3.3.0
2023-08-17 00:14:56,989:INFO:           wurlitzer: 3.0.3
2023-08-17 00:14:56,989:INFO:PyCaret optional dependencies:
2023-08-17 00:15:17,676:INFO:                shap: 0.42.1
2023-08-17 00:15:17,677:INFO:           interpret: 0.4.3
2023-08-17 00:15:17,677:INFO:                umap: 0.5.3
2023-08-17 00:15:17,677:INFO:    pandas_profiling: 4.5.1
2023-08-17 00:15:17,677:INFO:  explainerdashboard: 0.4.3
2023-08-17 00:15:17,677:INFO:             autoviz: 0.1.730
2023-08-17 00:15:17,677:INFO:           fairlearn: 0.7.0
2023-08-17 00:15:17,677:INFO:          deepchecks: 0.17.4
2023-08-17 00:15:17,677:INFO:             xgboost: 1.7.6
2023-08-17 00:15:17,677:INFO:            catboost: 1.1.1
2023-08-17 00:15:17,677:INFO:              kmodes: 0.12.2
2023-08-17 00:15:17,677:INFO:             mlxtend: 0.22.0
2023-08-17 00:15:17,677:INFO:       statsforecast: 1.5.0
2023-08-17 00:15:17,677:INFO:        tune_sklearn: 0.4.6
2023-08-17 00:15:17,677:INFO:                 ray: 2.6.3
2023-08-17 00:15:17,677:INFO:            hyperopt: 0.2.7
2023-08-17 00:15:17,677:INFO:              optuna: 3.3.0
2023-08-17 00:15:17,677:INFO:               skopt: 0.9.0
2023-08-17 00:15:17,677:INFO:              mlflow: 1.30.1
2023-08-17 00:15:17,677:INFO:              gradio: 3.40.1
2023-08-17 00:15:17,677:INFO:             fastapi: 0.101.1
2023-08-17 00:15:17,677:INFO:             uvicorn: 0.23.2
2023-08-17 00:15:17,677:INFO:              m2cgen: 0.10.0
2023-08-17 00:15:17,677:INFO:           evidently: 0.2.8
2023-08-17 00:15:17,677:INFO:               fugue: 0.8.6
2023-08-17 00:15:17,677:INFO:           streamlit: Not installed
2023-08-17 00:15:17,677:INFO:             prophet: Not installed
2023-08-17 00:15:17,678:INFO:None
2023-08-17 00:15:17,678:INFO:Set up data.
2023-08-17 00:15:18,572:INFO:Set up index.
2023-08-17 00:15:18,572:INFO:Assigning column types.
2023-08-17 00:15:18,600:INFO:Engine successfully changes for model 'kmeans' to 'sklearn'.
2023-08-17 00:15:18,601:INFO:Engine for model 'dbscan' has not been set explicitly, hence returning None.
2023-08-17 00:15:18,601:INFO:Soft dependency imported: kmodes: 0.12.2
2023-08-17 00:15:18,606:INFO:Engine for model 'dbscan' has not been set explicitly, hence returning None.
2023-08-17 00:15:18,606:INFO:Soft dependency imported: kmodes: 0.12.2
2023-08-17 00:15:18,606:INFO:Engine successfully changes for model 'dbscan' to 'sklearn'.
2023-08-17 00:15:18,606:INFO:Soft dependency imported: kmodes: 0.12.2
2023-08-17 00:15:18,607:INFO:Soft dependency imported: kmodes: 0.12.2
2023-08-17 00:15:18,611:INFO:Preparing preprocessing pipeline...
2023-08-17 00:15:18,611:INFO:Set up date feature engineering.
2023-08-17 00:15:18,611:INFO:Set up simple imputation.
2023-08-17 00:15:18,634:INFO:Set up encoding of categorical features.
2023-08-17 00:15:18,636:INFO:Set up feature normalization.
2023-08-17 00:15:41,418:INFO:PyCaret ClusteringExperiment
2023-08-17 00:15:41,419:INFO:Logging name: cluster-default-name
2023-08-17 00:15:41,419:INFO:ML Usecase: MLUsecase.CLUSTERING
2023-08-17 00:15:41,419:INFO:version 3.0.4
2023-08-17 00:15:41,419:INFO:Initializing setup()
2023-08-17 00:15:41,420:INFO:self.USI: 6abd
2023-08-17 00:15:41,420:INFO:self._variable_keys: {'X', 'log_plots_param', 'exp_id', 'memory', '_available_plots', 'USI', 'exp_name_log', 'idx', 'gpu_n_jobs_param', 'html_param', 'pipeline', 'gpu_param', 'data', 'logging_param', 'n_jobs_param', '_ml_usecase', 'seed'}
2023-08-17 00:15:41,420:INFO:Checking environment
2023-08-17 00:15:41,420:INFO:python_version: 3.10.12
2023-08-17 00:15:41,420:INFO:python_build: ('main', 'Jul  5 2023 15:34:07')
2023-08-17 00:15:41,420:INFO:machine: x86_64
2023-08-17 00:15:41,420:INFO:platform: macOS-10.16-x86_64-i386-64bit
2023-08-17 00:15:41,420:INFO:Memory: svmem(total=8589934592, available=2315145216, percent=73.0, used=4950810624, free=144629760, active=2173739008, inactive=2163675136, wired=2777071616)
2023-08-17 00:15:41,420:INFO:Physical Core: 4
2023-08-17 00:15:41,420:INFO:Logical Core: 8
2023-08-17 00:15:41,420:INFO:Checking libraries
2023-08-17 00:15:41,421:INFO:System:
2023-08-17 00:15:41,421:INFO:    python: 3.10.12 (main, Jul  5 2023, 15:34:07) [Clang 14.0.6 ]
2023-08-17 00:15:41,421:INFO:executable: /Users/wagwalabsanalytics/opt/anaconda3/envs/pyactuary/bin/python
2023-08-17 00:15:41,421:INFO:   machine: macOS-10.16-x86_64-i386-64bit
2023-08-17 00:15:41,421:INFO:PyCaret required dependencies:
2023-08-17 00:15:41,421:INFO:                 pip: 23.2.1
2023-08-17 00:15:41,421:INFO:          setuptools: 68.0.0
2023-08-17 00:15:41,422:INFO:             pycaret: 3.0.4
2023-08-17 00:15:41,422:INFO:             IPython: 7.34.0
2023-08-17 00:15:41,422:INFO:          ipywidgets: 7.8.0
2023-08-17 00:15:41,422:INFO:                tqdm: 4.66.1
2023-08-17 00:15:41,422:INFO:               numpy: 1.23.5
2023-08-17 00:15:41,422:INFO:              pandas: 1.5.3
2023-08-17 00:15:41,422:INFO:              jinja2: 3.1.2
2023-08-17 00:15:41,422:INFO:               scipy: 1.10.1
2023-08-17 00:15:41,422:INFO:              joblib: 1.3.2
2023-08-17 00:15:41,422:INFO:             sklearn: 1.2.2
2023-08-17 00:15:41,423:INFO:                pyod: 1.1.0
2023-08-17 00:15:41,423:INFO:            imblearn: 0.11.0
2023-08-17 00:15:41,423:INFO:   category_encoders: 2.6.2
2023-08-17 00:15:41,423:INFO:            lightgbm: 4.0.0
2023-08-17 00:15:41,423:INFO:               numba: 0.57.1
2023-08-17 00:15:41,424:INFO:            requests: 2.31.0
2023-08-17 00:15:41,424:INFO:          matplotlib: 3.7.2
2023-08-17 00:15:41,424:INFO:          scikitplot: 0.3.7
2023-08-17 00:15:41,424:INFO:         yellowbrick: 1.5
2023-08-17 00:15:41,424:INFO:              plotly: 5.16.1
2023-08-17 00:15:41,424:INFO:    plotly-resampler: Not installed
2023-08-17 00:15:41,424:INFO:             kaleido: 0.2.1
2023-08-17 00:15:41,424:INFO:           schemdraw: 0.15
2023-08-17 00:15:41,424:INFO:         statsmodels: 0.14.0
2023-08-17 00:15:41,424:INFO:              sktime: 0.21.0
2023-08-17 00:15:41,424:INFO:               tbats: 1.1.3
2023-08-17 00:15:41,424:INFO:            pmdarima: 2.0.3
2023-08-17 00:15:41,424:INFO:              psutil: 5.9.5
2023-08-17 00:15:41,424:INFO:          markupsafe: 2.1.3
2023-08-17 00:15:41,424:INFO:             pickle5: Not installed
2023-08-17 00:15:41,425:INFO:         cloudpickle: 2.2.1
2023-08-17 00:15:41,425:INFO:         deprecation: 2.1.0
2023-08-17 00:15:41,425:INFO:              xxhash: 3.3.0
2023-08-17 00:15:41,425:INFO:           wurlitzer: 3.0.3
2023-08-17 00:15:41,425:INFO:PyCaret optional dependencies:
2023-08-17 00:15:41,425:INFO:                shap: 0.42.1
2023-08-17 00:15:41,425:INFO:           interpret: 0.4.3
2023-08-17 00:15:41,425:INFO:                umap: 0.5.3
2023-08-17 00:15:41,426:INFO:    pandas_profiling: 4.5.1
2023-08-17 00:15:41,426:INFO:  explainerdashboard: 0.4.3
2023-08-17 00:15:41,426:INFO:             autoviz: 0.1.730
2023-08-17 00:15:41,426:INFO:           fairlearn: 0.7.0
2023-08-17 00:15:41,426:INFO:          deepchecks: 0.17.4
2023-08-17 00:15:41,426:INFO:             xgboost: 1.7.6
2023-08-17 00:15:41,426:INFO:            catboost: 1.1.1
2023-08-17 00:15:41,426:INFO:              kmodes: 0.12.2
2023-08-17 00:15:41,426:INFO:             mlxtend: 0.22.0
2023-08-17 00:15:41,426:INFO:       statsforecast: 1.5.0
2023-08-17 00:15:41,426:INFO:        tune_sklearn: 0.4.6
2023-08-17 00:15:41,426:INFO:                 ray: 2.6.3
2023-08-17 00:15:41,426:INFO:            hyperopt: 0.2.7
2023-08-17 00:15:41,426:INFO:              optuna: 3.3.0
2023-08-17 00:15:41,426:INFO:               skopt: 0.9.0
2023-08-17 00:15:41,426:INFO:              mlflow: 1.30.1
2023-08-17 00:15:41,426:INFO:              gradio: 3.40.1
2023-08-17 00:15:41,426:INFO:             fastapi: 0.101.1
2023-08-17 00:15:41,426:INFO:             uvicorn: 0.23.2
2023-08-17 00:15:41,427:INFO:              m2cgen: 0.10.0
2023-08-17 00:15:41,427:INFO:           evidently: 0.2.8
2023-08-17 00:15:41,428:INFO:               fugue: 0.8.6
2023-08-17 00:15:41,428:INFO:           streamlit: Not installed
2023-08-17 00:15:41,428:INFO:             prophet: Not installed
2023-08-17 00:15:41,428:INFO:None
2023-08-17 00:15:41,428:INFO:Set up data.
2023-08-17 00:15:42,541:INFO:Set up index.
2023-08-17 00:15:42,542:INFO:Assigning column types.
2023-08-17 00:15:42,567:INFO:Engine successfully changes for model 'kmeans' to 'sklearn'.
2023-08-17 00:15:42,568:INFO:Engine for model 'dbscan' has not been set explicitly, hence returning None.
2023-08-17 00:15:42,568:INFO:Soft dependency imported: kmodes: 0.12.2
2023-08-17 00:15:42,568:INFO:Engine for model 'dbscan' has not been set explicitly, hence returning None.
2023-08-17 00:15:42,569:INFO:Soft dependency imported: kmodes: 0.12.2
2023-08-17 00:15:42,569:INFO:Engine successfully changes for model 'dbscan' to 'sklearn'.
2023-08-17 00:15:42,569:INFO:Soft dependency imported: kmodes: 0.12.2
2023-08-17 00:15:42,584:INFO:Soft dependency imported: kmodes: 0.12.2
2023-08-17 00:15:42,596:INFO:Preparing preprocessing pipeline...
2023-08-17 00:15:42,596:INFO:Set up date feature engineering.
2023-08-17 00:15:42,596:INFO:Set up simple imputation.
2023-08-17 00:15:42,641:INFO:Set up encoding of categorical features.
2023-08-17 00:15:42,644:INFO:Set up feature normalization.
2023-08-17 00:22:34,431:INFO:PyCaret ClusteringExperiment
2023-08-17 00:22:34,434:INFO:Logging name: cluster-default-name
2023-08-17 00:22:34,434:INFO:ML Usecase: MLUsecase.CLUSTERING
2023-08-17 00:22:34,435:INFO:version 3.0.4
2023-08-17 00:22:34,435:INFO:Initializing setup()
2023-08-17 00:22:34,436:INFO:self.USI: 2991
2023-08-17 00:22:34,436:INFO:self._variable_keys: {'X', 'log_plots_param', 'exp_id', 'memory', '_available_plots', 'USI', 'exp_name_log', 'idx', 'gpu_n_jobs_param', 'html_param', 'pipeline', 'gpu_param', 'data', 'logging_param', 'n_jobs_param', '_ml_usecase', 'seed'}
2023-08-17 00:22:34,436:INFO:Checking environment
2023-08-17 00:22:34,436:INFO:python_version: 3.10.12
2023-08-17 00:22:34,437:INFO:python_build: ('main', 'Jul  5 2023 15:34:07')
2023-08-17 00:22:34,437:INFO:machine: x86_64
2023-08-17 00:22:34,437:INFO:platform: macOS-10.16-x86_64-i386-64bit
2023-08-17 00:22:34,437:INFO:Memory: svmem(total=8589934592, available=2656575488, percent=69.1, used=5252857856, free=220454912, active=2439360512, inactive=2435923968, wired=2813497344)
2023-08-17 00:22:34,437:INFO:Physical Core: 4
2023-08-17 00:22:34,438:INFO:Logical Core: 8
2023-08-17 00:22:34,438:INFO:Checking libraries
2023-08-17 00:22:34,438:INFO:System:
2023-08-17 00:22:34,438:INFO:    python: 3.10.12 (main, Jul  5 2023, 15:34:07) [Clang 14.0.6 ]
2023-08-17 00:22:34,438:INFO:executable: /Users/wagwalabsanalytics/opt/anaconda3/envs/pyactuary/bin/python
2023-08-17 00:22:34,438:INFO:   machine: macOS-10.16-x86_64-i386-64bit
2023-08-17 00:22:34,438:INFO:PyCaret required dependencies:
2023-08-17 00:22:34,439:INFO:                 pip: 23.2.1
2023-08-17 00:22:34,439:INFO:          setuptools: 68.0.0
2023-08-17 00:22:34,439:INFO:             pycaret: 3.0.4
2023-08-17 00:22:34,439:INFO:             IPython: 7.34.0
2023-08-17 00:22:34,439:INFO:          ipywidgets: 7.8.0
2023-08-17 00:22:34,439:INFO:                tqdm: 4.66.1
2023-08-17 00:22:34,440:INFO:               numpy: 1.23.5
2023-08-17 00:22:34,440:INFO:              pandas: 1.5.3
2023-08-17 00:22:34,440:INFO:              jinja2: 3.1.2
2023-08-17 00:22:34,440:INFO:               scipy: 1.10.1
2023-08-17 00:22:34,440:INFO:              joblib: 1.3.2
2023-08-17 00:22:34,440:INFO:             sklearn: 1.2.2
2023-08-17 00:22:34,440:INFO:                pyod: 1.1.0
2023-08-17 00:22:34,440:INFO:            imblearn: 0.11.0
2023-08-17 00:22:34,440:INFO:   category_encoders: 2.6.2
2023-08-17 00:22:34,440:INFO:            lightgbm: 4.0.0
2023-08-17 00:22:34,440:INFO:               numba: 0.57.1
2023-08-17 00:22:34,441:INFO:            requests: 2.31.0
2023-08-17 00:22:34,441:INFO:          matplotlib: 3.7.2
2023-08-17 00:22:34,441:INFO:          scikitplot: 0.3.7
2023-08-17 00:22:34,441:INFO:         yellowbrick: 1.5
2023-08-17 00:22:34,441:INFO:              plotly: 5.16.1
2023-08-17 00:22:34,441:INFO:    plotly-resampler: Not installed
2023-08-17 00:22:34,441:INFO:             kaleido: 0.2.1
2023-08-17 00:22:34,441:INFO:           schemdraw: 0.15
2023-08-17 00:22:34,441:INFO:         statsmodels: 0.14.0
2023-08-17 00:22:34,441:INFO:              sktime: 0.21.0
2023-08-17 00:22:34,441:INFO:               tbats: 1.1.3
2023-08-17 00:22:34,441:INFO:            pmdarima: 2.0.3
2023-08-17 00:22:34,441:INFO:              psutil: 5.9.5
2023-08-17 00:22:34,441:INFO:          markupsafe: 2.1.3
2023-08-17 00:22:34,441:INFO:             pickle5: Not installed
2023-08-17 00:22:34,441:INFO:         cloudpickle: 2.2.1
2023-08-17 00:22:34,442:INFO:         deprecation: 2.1.0
2023-08-17 00:22:34,442:INFO:              xxhash: 3.3.0
2023-08-17 00:22:34,442:INFO:           wurlitzer: 3.0.3
2023-08-17 00:22:34,442:INFO:PyCaret optional dependencies:
2023-08-17 00:22:34,442:INFO:                shap: 0.42.1
2023-08-17 00:22:34,442:INFO:           interpret: 0.4.3
2023-08-17 00:22:34,442:INFO:                umap: 0.5.3
2023-08-17 00:22:34,443:INFO:    pandas_profiling: 4.5.1
2023-08-17 00:22:34,443:INFO:  explainerdashboard: 0.4.3
2023-08-17 00:22:34,443:INFO:             autoviz: 0.1.730
2023-08-17 00:22:34,443:INFO:           fairlearn: 0.7.0
2023-08-17 00:22:34,443:INFO:          deepchecks: 0.17.4
2023-08-17 00:22:34,443:INFO:             xgboost: 1.7.6
2023-08-17 00:22:34,443:INFO:            catboost: 1.1.1
2023-08-17 00:22:34,443:INFO:              kmodes: 0.12.2
2023-08-17 00:22:34,443:INFO:             mlxtend: 0.22.0
2023-08-17 00:22:34,443:INFO:       statsforecast: 1.5.0
2023-08-17 00:22:34,443:INFO:        tune_sklearn: 0.4.6
2023-08-17 00:22:34,444:INFO:                 ray: 2.6.3
2023-08-17 00:22:34,444:INFO:            hyperopt: 0.2.7
2023-08-17 00:22:34,444:INFO:              optuna: 3.3.0
2023-08-17 00:22:34,444:INFO:               skopt: 0.9.0
2023-08-17 00:22:34,445:INFO:              mlflow: 1.30.1
2023-08-17 00:22:34,445:INFO:              gradio: 3.40.1
2023-08-17 00:22:34,445:INFO:             fastapi: 0.101.1
2023-08-17 00:22:34,445:INFO:             uvicorn: 0.23.2
2023-08-17 00:22:34,445:INFO:              m2cgen: 0.10.0
2023-08-17 00:22:34,445:INFO:           evidently: 0.2.8
2023-08-17 00:22:34,445:INFO:               fugue: 0.8.6
2023-08-17 00:22:34,445:INFO:           streamlit: Not installed
2023-08-17 00:22:34,445:INFO:             prophet: Not installed
2023-08-17 00:22:34,445:INFO:None
2023-08-17 00:22:34,446:INFO:Set up data.
2023-08-17 00:22:35,866:INFO:Set up index.
2023-08-17 00:22:35,867:INFO:Assigning column types.
2023-08-17 00:22:35,897:INFO:Engine successfully changes for model 'kmeans' to 'sklearn'.
2023-08-17 00:22:35,899:INFO:Engine for model 'dbscan' has not been set explicitly, hence returning None.
2023-08-17 00:22:35,900:INFO:Soft dependency imported: kmodes: 0.12.2
2023-08-17 00:22:35,901:INFO:Engine for model 'dbscan' has not been set explicitly, hence returning None.
2023-08-17 00:22:35,901:INFO:Soft dependency imported: kmodes: 0.12.2
2023-08-17 00:22:35,901:INFO:Engine successfully changes for model 'dbscan' to 'sklearn'.
2023-08-17 00:22:35,902:INFO:Soft dependency imported: kmodes: 0.12.2
2023-08-17 00:22:35,902:INFO:Soft dependency imported: kmodes: 0.12.2
2023-08-17 00:22:35,905:INFO:Preparing preprocessing pipeline...
2023-08-17 00:22:35,905:INFO:Set up date feature engineering.
2023-08-17 00:22:35,905:INFO:Set up simple imputation.
2023-08-17 00:22:35,951:INFO:Set up encoding of categorical features.
2023-08-17 00:22:35,954:INFO:Set up feature normalization.
2023-08-17 06:48:54,838:INFO:PyCaret ClusteringExperiment
2023-08-17 06:48:54,839:INFO:Logging name: cluster-default-name
2023-08-17 06:48:54,840:INFO:ML Usecase: MLUsecase.CLUSTERING
2023-08-17 06:48:54,840:INFO:version 3.0.4
2023-08-17 06:48:54,840:INFO:Initializing setup()
2023-08-17 06:48:54,840:INFO:self.USI: 6379
2023-08-17 06:48:54,840:INFO:self._variable_keys: {'X', 'log_plots_param', 'exp_id', 'memory', '_available_plots', 'USI', 'exp_name_log', 'idx', 'gpu_n_jobs_param', 'html_param', 'pipeline', 'gpu_param', 'data', 'logging_param', 'n_jobs_param', '_ml_usecase', 'seed'}
2023-08-17 06:48:54,840:INFO:Checking environment
2023-08-17 06:48:54,841:INFO:python_version: 3.10.12
2023-08-17 06:48:54,841:INFO:python_build: ('main', 'Jul  5 2023 15:34:07')
2023-08-17 06:48:54,841:INFO:machine: x86_64
2023-08-17 06:48:54,841:INFO:platform: macOS-10.16-x86_64-i386-64bit
2023-08-17 06:48:54,842:INFO:Memory: svmem(total=8589934592, available=1675317248, percent=80.5, used=4745895936, free=16281600, active=1665323008, inactive=1630822400, wired=3080572928)
2023-08-17 06:48:54,843:INFO:Physical Core: 4
2023-08-17 06:48:54,843:INFO:Logical Core: 8
2023-08-17 06:48:54,843:INFO:Checking libraries
2023-08-17 06:48:54,843:INFO:System:
2023-08-17 06:48:54,843:INFO:    python: 3.10.12 (main, Jul  5 2023, 15:34:07) [Clang 14.0.6 ]
2023-08-17 06:48:54,843:INFO:executable: /Users/wagwalabsanalytics/opt/anaconda3/envs/pyactuary/bin/python
2023-08-17 06:48:54,843:INFO:   machine: macOS-10.16-x86_64-i386-64bit
2023-08-17 06:48:54,843:INFO:PyCaret required dependencies:
2023-08-17 06:48:54,847:INFO:                 pip: 23.2.1
2023-08-17 06:48:54,847:INFO:          setuptools: 68.0.0
2023-08-17 06:48:54,847:INFO:             pycaret: 3.0.4
2023-08-17 06:48:54,847:INFO:             IPython: 7.34.0
2023-08-17 06:48:54,847:INFO:          ipywidgets: 7.8.0
2023-08-17 06:48:54,847:INFO:                tqdm: 4.66.1
2023-08-17 06:48:54,847:INFO:               numpy: 1.23.5
2023-08-17 06:48:54,847:INFO:              pandas: 1.5.3
2023-08-17 06:48:54,847:INFO:              jinja2: 3.1.2
2023-08-17 06:48:54,847:INFO:               scipy: 1.10.1
2023-08-17 06:48:54,847:INFO:              joblib: 1.3.2
2023-08-17 06:48:54,847:INFO:             sklearn: 1.2.2
2023-08-17 06:48:54,847:INFO:                pyod: 1.1.0
2023-08-17 06:48:54,847:INFO:            imblearn: 0.11.0
2023-08-17 06:48:54,847:INFO:   category_encoders: 2.6.2
2023-08-17 06:48:54,847:INFO:            lightgbm: 4.0.0
2023-08-17 06:48:54,847:INFO:               numba: 0.57.1
2023-08-17 06:48:54,847:INFO:            requests: 2.31.0
2023-08-17 06:48:54,848:INFO:          matplotlib: 3.7.2
2023-08-17 06:48:54,848:INFO:          scikitplot: 0.3.7
2023-08-17 06:48:54,848:INFO:         yellowbrick: 1.5
2023-08-17 06:48:54,848:INFO:              plotly: 5.16.1
2023-08-17 06:48:54,848:INFO:    plotly-resampler: Not installed
2023-08-17 06:48:54,848:INFO:             kaleido: 0.2.1
2023-08-17 06:48:54,848:INFO:           schemdraw: 0.15
2023-08-17 06:48:54,848:INFO:         statsmodels: 0.14.0
2023-08-17 06:48:54,848:INFO:              sktime: 0.21.0
2023-08-17 06:48:54,848:INFO:               tbats: 1.1.3
2023-08-17 06:48:54,848:INFO:            pmdarima: 2.0.3
2023-08-17 06:48:54,848:INFO:              psutil: 5.9.5
2023-08-17 06:48:54,848:INFO:          markupsafe: 2.1.3
2023-08-17 06:48:54,848:INFO:             pickle5: Not installed
2023-08-17 06:48:54,848:INFO:         cloudpickle: 2.2.1
2023-08-17 06:48:54,848:INFO:         deprecation: 2.1.0
2023-08-17 06:48:54,848:INFO:              xxhash: 3.3.0
2023-08-17 06:48:54,848:INFO:           wurlitzer: 3.0.3
2023-08-17 06:48:54,848:INFO:PyCaret optional dependencies:
2023-08-17 06:48:54,849:INFO:                shap: 0.42.1
2023-08-17 06:48:54,849:INFO:           interpret: 0.4.3
2023-08-17 06:48:54,849:INFO:                umap: 0.5.3
2023-08-17 06:48:54,849:INFO:    pandas_profiling: 4.5.1
2023-08-17 06:48:54,849:INFO:  explainerdashboard: 0.4.3
2023-08-17 06:48:54,850:INFO:             autoviz: 0.1.730
2023-08-17 06:48:54,850:INFO:           fairlearn: 0.7.0
2023-08-17 06:48:54,850:INFO:          deepchecks: 0.17.4
2023-08-17 06:48:54,850:INFO:             xgboost: 1.7.6
2023-08-17 06:48:54,851:INFO:            catboost: 1.1.1
2023-08-17 06:48:54,851:INFO:              kmodes: 0.12.2
2023-08-17 06:48:54,851:INFO:             mlxtend: 0.22.0
2023-08-17 06:48:54,851:INFO:       statsforecast: 1.5.0
2023-08-17 06:48:54,851:INFO:        tune_sklearn: 0.4.6
2023-08-17 06:48:54,851:INFO:                 ray: 2.6.3
2023-08-17 06:48:54,851:INFO:            hyperopt: 0.2.7
2023-08-17 06:48:54,851:INFO:              optuna: 3.3.0
2023-08-17 06:48:54,851:INFO:               skopt: 0.9.0
2023-08-17 06:48:54,851:INFO:              mlflow: 1.30.1
2023-08-17 06:48:54,851:INFO:              gradio: 3.40.1
2023-08-17 06:48:54,851:INFO:             fastapi: 0.101.1
2023-08-17 06:48:54,851:INFO:             uvicorn: 0.23.2
2023-08-17 06:48:54,851:INFO:              m2cgen: 0.10.0
2023-08-17 06:48:54,851:INFO:           evidently: 0.2.8
2023-08-17 06:48:54,851:INFO:               fugue: 0.8.6
2023-08-17 06:48:54,852:INFO:           streamlit: Not installed
2023-08-17 06:48:54,852:INFO:             prophet: Not installed
2023-08-17 06:48:54,852:INFO:None
2023-08-17 06:48:54,852:INFO:Set up data.
2023-08-17 06:48:56,937:INFO:Set up index.
2023-08-17 06:48:56,937:INFO:Assigning column types.
2023-08-17 06:48:56,971:INFO:Engine successfully changes for model 'kmeans' to 'sklearn'.
2023-08-17 06:48:56,973:INFO:Engine for model 'dbscan' has not been set explicitly, hence returning None.
2023-08-17 06:48:56,973:INFO:Soft dependency imported: kmodes: 0.12.2
2023-08-17 06:48:56,974:INFO:Engine for model 'dbscan' has not been set explicitly, hence returning None.
2023-08-17 06:48:56,974:INFO:Soft dependency imported: kmodes: 0.12.2
2023-08-17 06:48:56,974:INFO:Engine successfully changes for model 'dbscan' to 'sklearn'.
2023-08-17 06:48:56,974:INFO:Soft dependency imported: kmodes: 0.12.2
2023-08-17 06:48:56,974:INFO:Soft dependency imported: kmodes: 0.12.2
2023-08-17 06:48:56,980:INFO:Preparing preprocessing pipeline...
2023-08-17 06:48:56,980:INFO:Set up simple imputation.
2023-08-17 06:48:56,996:INFO:Set up encoding of categorical features.
2023-08-17 06:48:56,998:INFO:Set up feature normalization.
2023-08-17 08:44:26,427:INFO:PyCaret ClusteringExperiment
2023-08-17 08:44:26,430:INFO:Logging name: cluster-default-name
2023-08-17 08:44:26,431:INFO:ML Usecase: MLUsecase.CLUSTERING
2023-08-17 08:44:26,431:INFO:version 3.0.4
2023-08-17 08:44:26,432:INFO:Initializing setup()
2023-08-17 08:44:26,432:INFO:self.USI: dce4
2023-08-17 08:44:26,432:INFO:self._variable_keys: {'X', 'log_plots_param', 'exp_id', 'memory', '_available_plots', 'USI', 'exp_name_log', 'idx', 'gpu_n_jobs_param', 'html_param', 'pipeline', 'gpu_param', 'data', 'logging_param', 'n_jobs_param', '_ml_usecase', 'seed'}
2023-08-17 08:44:26,432:INFO:Checking environment
2023-08-17 08:44:26,434:INFO:python_version: 3.10.12
2023-08-17 08:44:26,435:INFO:python_build: ('main', 'Jul  5 2023 15:34:07')
2023-08-17 08:44:26,436:INFO:machine: x86_64
2023-08-17 08:44:26,439:INFO:platform: macOS-10.16-x86_64-i386-64bit
2023-08-17 08:44:26,445:INFO:Memory: svmem(total=8589934592, available=1812078592, percent=78.9, used=4751503360, free=31944704, active=1784594432, inactive=1753292800, wired=2966908928)
2023-08-17 08:44:26,446:INFO:Physical Core: 4
2023-08-17 08:44:26,446:INFO:Logical Core: 8
2023-08-17 08:44:26,446:INFO:Checking libraries
2023-08-17 08:44:26,446:INFO:System:
2023-08-17 08:44:26,447:INFO:    python: 3.10.12 (main, Jul  5 2023, 15:34:07) [Clang 14.0.6 ]
2023-08-17 08:44:26,447:INFO:executable: /Users/wagwalabsanalytics/opt/anaconda3/envs/pyactuary/bin/python
2023-08-17 08:44:26,447:INFO:   machine: macOS-10.16-x86_64-i386-64bit
2023-08-17 08:44:26,447:INFO:PyCaret required dependencies:
2023-08-17 08:44:26,453:INFO:                 pip: 23.2.1
2023-08-17 08:44:26,454:INFO:          setuptools: 68.0.0
2023-08-17 08:44:26,455:INFO:             pycaret: 3.0.4
2023-08-17 08:44:26,455:INFO:             IPython: 7.34.0
2023-08-17 08:44:26,455:INFO:          ipywidgets: 7.8.0
2023-08-17 08:44:26,455:INFO:                tqdm: 4.66.1
2023-08-17 08:44:26,455:INFO:               numpy: 1.23.5
2023-08-17 08:44:26,455:INFO:              pandas: 1.5.3
2023-08-17 08:44:26,455:INFO:              jinja2: 3.1.2
2023-08-17 08:44:26,455:INFO:               scipy: 1.10.1
2023-08-17 08:44:26,455:INFO:              joblib: 1.3.2
2023-08-17 08:44:26,455:INFO:             sklearn: 1.2.2
2023-08-17 08:44:26,456:INFO:                pyod: 1.1.0
2023-08-17 08:44:26,456:INFO:            imblearn: 0.11.0
2023-08-17 08:44:26,456:INFO:   category_encoders: 2.6.2
2023-08-17 08:44:26,456:INFO:            lightgbm: 4.0.0
2023-08-17 08:44:26,456:INFO:               numba: 0.57.1
2023-08-17 08:44:26,456:INFO:            requests: 2.31.0
2023-08-17 08:44:26,456:INFO:          matplotlib: 3.7.2
2023-08-17 08:44:26,456:INFO:          scikitplot: 0.3.7
2023-08-17 08:44:26,456:INFO:         yellowbrick: 1.5
2023-08-17 08:44:26,456:INFO:              plotly: 5.16.1
2023-08-17 08:44:26,456:INFO:    plotly-resampler: Not installed
2023-08-17 08:44:26,456:INFO:             kaleido: 0.2.1
2023-08-17 08:44:26,456:INFO:           schemdraw: 0.15
2023-08-17 08:44:26,456:INFO:         statsmodels: 0.14.0
2023-08-17 08:44:26,456:INFO:              sktime: 0.21.0
2023-08-17 08:44:26,456:INFO:               tbats: 1.1.3
2023-08-17 08:44:26,456:INFO:            pmdarima: 2.0.3
2023-08-17 08:44:26,456:INFO:              psutil: 5.9.5
2023-08-17 08:44:26,457:INFO:          markupsafe: 2.1.3
2023-08-17 08:44:26,457:INFO:             pickle5: Not installed
2023-08-17 08:44:26,457:INFO:         cloudpickle: 2.2.1
2023-08-17 08:44:26,457:INFO:         deprecation: 2.1.0
2023-08-17 08:44:26,458:INFO:              xxhash: 3.3.0
2023-08-17 08:44:26,458:INFO:           wurlitzer: 3.0.3
2023-08-17 08:44:26,458:INFO:PyCaret optional dependencies:
2023-08-17 08:44:26,460:INFO:                shap: 0.42.1
2023-08-17 08:44:26,460:INFO:           interpret: 0.4.3
2023-08-17 08:44:26,460:INFO:                umap: 0.5.3
2023-08-17 08:44:26,460:INFO:    pandas_profiling: 4.5.1
2023-08-17 08:44:26,460:INFO:  explainerdashboard: 0.4.3
2023-08-17 08:44:26,460:INFO:             autoviz: 0.1.730
2023-08-17 08:44:26,460:INFO:           fairlearn: 0.7.0
2023-08-17 08:44:26,460:INFO:          deepchecks: 0.17.4
2023-08-17 08:44:26,461:INFO:             xgboost: 1.7.6
2023-08-17 08:44:26,461:INFO:            catboost: 1.1.1
2023-08-17 08:44:26,461:INFO:              kmodes: 0.12.2
2023-08-17 08:44:26,461:INFO:             mlxtend: 0.22.0
2023-08-17 08:44:26,461:INFO:       statsforecast: 1.5.0
2023-08-17 08:44:26,461:INFO:        tune_sklearn: 0.4.6
2023-08-17 08:44:26,461:INFO:                 ray: 2.6.3
2023-08-17 08:44:26,461:INFO:            hyperopt: 0.2.7
2023-08-17 08:44:26,461:INFO:              optuna: 3.3.0
2023-08-17 08:44:26,461:INFO:               skopt: 0.9.0
2023-08-17 08:44:26,461:INFO:              mlflow: 1.30.1
2023-08-17 08:44:26,461:INFO:              gradio: 3.40.1
2023-08-17 08:44:26,461:INFO:             fastapi: 0.101.1
2023-08-17 08:44:26,461:INFO:             uvicorn: 0.23.2
2023-08-17 08:44:26,461:INFO:              m2cgen: 0.10.0
2023-08-17 08:44:26,461:INFO:           evidently: 0.2.8
2023-08-17 08:44:26,462:INFO:               fugue: 0.8.6
2023-08-17 08:44:26,462:INFO:           streamlit: Not installed
2023-08-17 08:44:26,462:INFO:             prophet: Not installed
2023-08-17 08:44:26,462:INFO:None
2023-08-17 08:44:26,462:INFO:Set up data.
2023-08-17 08:44:28,012:INFO:Set up index.
2023-08-17 08:44:28,013:INFO:Assigning column types.
2023-08-17 08:44:28,046:INFO:Engine successfully changes for model 'kmeans' to 'sklearn'.
2023-08-17 08:44:28,048:INFO:Engine for model 'dbscan' has not been set explicitly, hence returning None.
2023-08-17 08:44:28,048:INFO:Soft dependency imported: kmodes: 0.12.2
2023-08-17 08:44:28,049:INFO:Engine for model 'dbscan' has not been set explicitly, hence returning None.
2023-08-17 08:44:28,049:INFO:Soft dependency imported: kmodes: 0.12.2
2023-08-17 08:44:28,049:INFO:Engine successfully changes for model 'dbscan' to 'sklearn'.
2023-08-17 08:44:28,049:INFO:Soft dependency imported: kmodes: 0.12.2
2023-08-17 08:44:28,049:INFO:Soft dependency imported: kmodes: 0.12.2
2023-08-17 08:44:28,054:INFO:Preparing preprocessing pipeline...
2023-08-17 08:44:28,054:INFO:Set up simple imputation.
2023-08-17 08:44:28,069:INFO:Set up encoding of categorical features.
2023-08-17 08:44:28,070:INFO:Set up feature normalization.
2023-08-17 08:44:36,695:INFO:PyCaret ClusteringExperiment
2023-08-17 08:44:36,696:INFO:Logging name: cluster-default-name
2023-08-17 08:44:36,696:INFO:ML Usecase: MLUsecase.CLUSTERING
2023-08-17 08:44:36,696:INFO:version 3.0.4
2023-08-17 08:44:36,696:INFO:Initializing setup()
2023-08-17 08:44:36,697:INFO:self.USI: 23c5
2023-08-17 08:44:36,697:INFO:self._variable_keys: {'X', 'log_plots_param', 'exp_id', 'memory', '_available_plots', 'USI', 'exp_name_log', 'idx', 'gpu_n_jobs_param', 'html_param', 'pipeline', 'gpu_param', 'data', 'logging_param', 'n_jobs_param', '_ml_usecase', 'seed'}
2023-08-17 08:44:36,697:INFO:Checking environment
2023-08-17 08:44:36,697:INFO:python_version: 3.10.12
2023-08-17 08:44:36,697:INFO:python_build: ('main', 'Jul  5 2023 15:34:07')
2023-08-17 08:44:36,697:INFO:machine: x86_64
2023-08-17 08:44:36,698:INFO:platform: macOS-10.16-x86_64-i386-64bit
2023-08-17 08:44:36,698:INFO:Memory: svmem(total=8589934592, available=1980510208, percent=76.9, used=5004894208, free=17604608, active=1967222784, inactive=1959657472, wired=3037671424)
2023-08-17 08:44:36,698:INFO:Physical Core: 4
2023-08-17 08:44:36,698:INFO:Logical Core: 8
2023-08-17 08:44:36,699:INFO:Checking libraries
2023-08-17 08:44:36,699:INFO:System:
2023-08-17 08:44:36,699:INFO:    python: 3.10.12 (main, Jul  5 2023, 15:34:07) [Clang 14.0.6 ]
2023-08-17 08:44:36,699:INFO:executable: /Users/wagwalabsanalytics/opt/anaconda3/envs/pyactuary/bin/python
2023-08-17 08:44:36,699:INFO:   machine: macOS-10.16-x86_64-i386-64bit
2023-08-17 08:44:36,699:INFO:PyCaret required dependencies:
2023-08-17 08:44:36,700:INFO:                 pip: 23.2.1
2023-08-17 08:44:36,700:INFO:          setuptools: 68.0.0
2023-08-17 08:44:36,700:INFO:             pycaret: 3.0.4
2023-08-17 08:44:36,700:INFO:             IPython: 7.34.0
2023-08-17 08:44:36,700:INFO:          ipywidgets: 7.8.0
2023-08-17 08:44:36,700:INFO:                tqdm: 4.66.1
2023-08-17 08:44:36,700:INFO:               numpy: 1.23.5
2023-08-17 08:44:36,700:INFO:              pandas: 1.5.3
2023-08-17 08:44:36,700:INFO:              jinja2: 3.1.2
2023-08-17 08:44:36,700:INFO:               scipy: 1.10.1
2023-08-17 08:44:36,700:INFO:              joblib: 1.3.2
2023-08-17 08:44:36,700:INFO:             sklearn: 1.2.2
2023-08-17 08:44:36,701:INFO:                pyod: 1.1.0
2023-08-17 08:44:36,701:INFO:            imblearn: 0.11.0
2023-08-17 08:44:36,701:INFO:   category_encoders: 2.6.2
2023-08-17 08:44:36,701:INFO:            lightgbm: 4.0.0
2023-08-17 08:44:36,701:INFO:               numba: 0.57.1
2023-08-17 08:44:36,701:INFO:            requests: 2.31.0
2023-08-17 08:44:36,701:INFO:          matplotlib: 3.7.2
2023-08-17 08:44:36,701:INFO:          scikitplot: 0.3.7
2023-08-17 08:44:36,701:INFO:         yellowbrick: 1.5
2023-08-17 08:44:36,701:INFO:              plotly: 5.16.1
2023-08-17 08:44:36,701:INFO:    plotly-resampler: Not installed
2023-08-17 08:44:36,701:INFO:             kaleido: 0.2.1
2023-08-17 08:44:36,701:INFO:           schemdraw: 0.15
2023-08-17 08:44:36,701:INFO:         statsmodels: 0.14.0
2023-08-17 08:44:36,701:INFO:              sktime: 0.21.0
2023-08-17 08:44:36,702:INFO:               tbats: 1.1.3
2023-08-17 08:44:36,702:INFO:            pmdarima: 2.0.3
2023-08-17 08:44:36,702:INFO:              psutil: 5.9.5
2023-08-17 08:44:36,702:INFO:          markupsafe: 2.1.3
2023-08-17 08:44:36,702:INFO:             pickle5: Not installed
2023-08-17 08:44:36,702:INFO:         cloudpickle: 2.2.1
2023-08-17 08:44:36,702:INFO:         deprecation: 2.1.0
2023-08-17 08:44:36,702:INFO:              xxhash: 3.3.0
2023-08-17 08:44:36,702:INFO:           wurlitzer: 3.0.3
2023-08-17 08:44:36,702:INFO:PyCaret optional dependencies:
2023-08-17 08:44:36,702:INFO:                shap: 0.42.1
2023-08-17 08:44:36,703:INFO:           interpret: 0.4.3
2023-08-17 08:44:36,703:INFO:                umap: 0.5.3
2023-08-17 08:44:36,703:INFO:    pandas_profiling: 4.5.1
2023-08-17 08:44:36,703:INFO:  explainerdashboard: 0.4.3
2023-08-17 08:44:36,703:INFO:             autoviz: 0.1.730
2023-08-17 08:44:36,703:INFO:           fairlearn: 0.7.0
2023-08-17 08:44:36,703:INFO:          deepchecks: 0.17.4
2023-08-17 08:44:36,703:INFO:             xgboost: 1.7.6
2023-08-17 08:44:36,703:INFO:            catboost: 1.1.1
2023-08-17 08:44:36,703:INFO:              kmodes: 0.12.2
2023-08-17 08:44:36,703:INFO:             mlxtend: 0.22.0
2023-08-17 08:44:36,703:INFO:       statsforecast: 1.5.0
2023-08-17 08:44:36,703:INFO:        tune_sklearn: 0.4.6
2023-08-17 08:44:36,703:INFO:                 ray: 2.6.3
2023-08-17 08:44:36,703:INFO:            hyperopt: 0.2.7
2023-08-17 08:44:36,704:INFO:              optuna: 3.3.0
2023-08-17 08:44:36,704:INFO:               skopt: 0.9.0
2023-08-17 08:44:36,704:INFO:              mlflow: 1.30.1
2023-08-17 08:44:36,704:INFO:              gradio: 3.40.1
2023-08-17 08:44:36,704:INFO:             fastapi: 0.101.1
2023-08-17 08:44:36,704:INFO:             uvicorn: 0.23.2
2023-08-17 08:44:36,704:INFO:              m2cgen: 0.10.0
2023-08-17 08:44:36,704:INFO:           evidently: 0.2.8
2023-08-17 08:44:36,704:INFO:               fugue: 0.8.6
2023-08-17 08:44:36,705:INFO:           streamlit: Not installed
2023-08-17 08:44:36,705:INFO:             prophet: Not installed
2023-08-17 08:44:36,705:INFO:None
2023-08-17 08:44:36,705:INFO:Set up data.
2023-08-17 20:51:53,711:WARNING:
'cuml' is a soft dependency and not included in the pycaret installation. Please run: `pip install cuml` to install.
2023-08-17 20:51:53,712:WARNING:
'cuml' is a soft dependency and not included in the pycaret installation. Please run: `pip install cuml` to install.
2023-08-17 20:51:53,712:WARNING:
'cuml' is a soft dependency and not included in the pycaret installation. Please run: `pip install cuml` to install.
2023-08-17 20:51:53,712:WARNING:
'cuml' is a soft dependency and not included in the pycaret installation. Please run: `pip install cuml` to install.
2023-08-18 17:13:18,120:WARNING:
'cuml' is a soft dependency and not included in the pycaret installation. Please run: `pip install cuml` to install.
2023-08-18 17:13:18,121:WARNING:
'cuml' is a soft dependency and not included in the pycaret installation. Please run: `pip install cuml` to install.
2023-08-18 17:13:18,121:WARNING:
'cuml' is a soft dependency and not included in the pycaret installation. Please run: `pip install cuml` to install.
2023-08-18 17:13:18,121:WARNING:
'cuml' is a soft dependency and not included in the pycaret installation. Please run: `pip install cuml` to install.
